G:\week03>cl triangle.c /TC /Za /Wall
Microsoft (R) 32-bit C/C++ Optimizing Compiler Version 14.00.50727.42 for 80x86
Copyright (C) Microsoft Corporation.  All rights reserved.

triangle.c
D:\Program Files (x86)\Microsoft Visual Studio 8\VC\INCLUDE\stdio.h(360) : warni
ng C4255: '_get_printf_count_output' : no function prototype given: converting '
()' to '(void)'
Microsoft (R) Incremental Linker Version 8.00.50727.42
Copyright (C) Microsoft Corporation.  All rights reserved.

/out:triangle.exe
triangle.obj

G:\week03>triangle

         *
        **
       ***
      ****
     *****
    ******
   *******
  ********
 *********

G:\week03>