N:\week04>cl /TC /Za /Wall integer_power.c
Microsoft (R) 32-bit C/C++ Optimizing Compiler Version 13.10.3077 for 80x86
Copyright (C) Microsoft Corporation 1984-2002. All rights reserved.

integer_power.c
Microsoft (R) Incremental Linker Version 7.10.3077
Copyright (C) Microsoft Corporation.  All rights reserved.

/out:integer_power.exe
integer_power.obj

N:\week04>integer_power.exe
Please enter the base, then exponent you would like to calculate:  3 1
3 raised to the 1 power equals 3

N:\week04>integer_power.exe
Please enter the base, then exponent you would like to calculate:  3 3
3 raised to the 3 power equals 27

N:\week04>integer_power.exe
Please enter the base, then exponent you would like to calculate:  2 8
2 raised to the 8 power equals 256

N:\week04>integer_power.exe
Please enter the base, then exponent you would like to calculate:  1 7
1 raised to the 7 power equals 1

N:\week04>