E:\week06>cl /Za /TC /Wall find_max.c
Microsoft (R) 32-bit C/C++ Optimizing Compiler Version 14.00.50727.42 for 80x86
Copyright (C) Microsoft Corporation.  All rights reserved.

find_max.c
C:\Program Files\Microsoft Visual Studio 8\VC\INCLUDE\stdio.h(360) : warning C42
55: '_get_printf_count_output' : no function prototype given: converting '()' to
 '(void)'
Microsoft (R) Incremental Linker Version 8.00.50727.42
Copyright (C) Microsoft Corporation.  All rights reserved.

/out:find_max.exe
find_max.obj

E:\week06>find_max.exe
PASS
PASS
PASS
PASS
PASS
PASS
PASS
PASS

E:\week06>