E:\week06>cl /Za /TC /Wall stack.c
Microsoft (R) 32-bit C/C++ Optimizing Compiler Version 14.00.50727.42 for 80x86
Copyright (C) Microsoft Corporation.  All rights reserved.

stack.c
C:\Program Files\Microsoft Visual Studio 8\VC\INCLUDE\stdio.h(360) : warning C42
55: '_get_printf_count_output' : no function prototype given: converting '()' to
 '(void)'
Microsoft (R) Incremental Linker Version 8.00.50727.42
Copyright (C) Microsoft Corporation.  All rights reserved.

/out:stack.exe
stack.obj

E:\week06>stack.exe
CURRENT STACK:

POP off the top:  -1.00
CURRENT STACK:
        3.14
        1.72

POP off the top:  3.14
CURRENT STACK:
        1.72


E:\week06>